2017-08-22 22:54:55.600  INFO 27292 --- [main] c.t.m.b.c.BusyFlightsControllerTest      : Starting BusyFlightsControllerTest on Macbook-Darya.local with PID 27292 (started by daryagolub in /Users/daryagolub/Documents/code/Idea_source/interview-test)
2017-08-22 22:54:55.602  INFO 27292 --- [main] c.t.m.b.c.BusyFlightsControllerTest      : No active profile set, falling back to default profiles: default
2017-08-22 22:54:55.669  INFO 27292 --- [main] o.s.w.c.s.GenericWebApplicationContext   : Refreshing org.springframework.web.context.support.GenericWebApplicationContext@32ee6fee: startup date [Tue Aug 22 22:54:55 CEST 2017]; root of context hierarchy
2017-08-22 22:54:58.102  INFO 27292 --- [main] s.w.s.m.m.a.RequestMappingHandlerAdapter : Looking for @ControllerAdvice: org.springframework.web.context.support.GenericWebApplicationContext@32ee6fee: startup date [Tue Aug 22 22:54:55 CEST 2017]; root of context hierarchy
2017-08-22 22:54:58.221  INFO 27292 --- [main] s.w.s.m.m.a.RequestMappingHandlerMapping : Mapped "{[/searchFlights],methods=[POST],consumes=[application/json],produces=[application/json]}" onto public java.util.List<com.travix.medusa.busyflights.domain.busyflights.BusyFlightsResponse> com.travix.medusa.busyflights.controller.BusyFlightsController.searchFlight(com.travix.medusa.busyflights.domain.busyflights.BusyFlightsRequest)
2017-08-22 22:54:58.224  INFO 27292 --- [main] s.w.s.m.m.a.RequestMappingHandlerMapping : Mapped "{[/toughjet],methods=[POST],consumes=[application/json],produces=[application/json]}" onto public java.util.List<com.travix.medusa.busyflights.domain.toughjet.ToughJetResponse> com.travix.medusa.busyflights.controller.SuppliersController.getToughJetFlights(com.travix.medusa.busyflights.domain.toughjet.ToughJetRequest)
2017-08-22 22:54:58.225  INFO 27292 --- [main] s.w.s.m.m.a.RequestMappingHandlerMapping : Mapped "{[/crazyair],methods=[POST],consumes=[application/json],produces=[application/json]}" onto public java.util.List<com.travix.medusa.busyflights.domain.crazyair.CrazyAirResponse> com.travix.medusa.busyflights.controller.SuppliersController.getCrazyAirFlights(com.travix.medusa.busyflights.domain.crazyair.CrazyAirRequest)
2017-08-22 22:54:58.228  INFO 27292 --- [main] s.w.s.m.m.a.RequestMappingHandlerMapping : Mapped "{[/error]}" onto public org.springframework.http.ResponseEntity<java.util.Map<java.lang.String, java.lang.Object>> org.springframework.boot.autoconfigure.web.BasicErrorController.error(javax.servlet.http.HttpServletRequest)
2017-08-22 22:54:58.229  INFO 27292 --- [main] s.w.s.m.m.a.RequestMappingHandlerMapping : Mapped "{[/error],produces=[text/html]}" onto public org.springframework.web.servlet.ModelAndView org.springframework.boot.autoconfigure.web.BasicErrorController.errorHtml(javax.servlet.http.HttpServletRequest,javax.servlet.http.HttpServletResponse)
2017-08-22 22:54:58.288  INFO 27292 --- [main] o.s.w.s.handler.SimpleUrlHandlerMapping  : Mapped URL path [/webjars/**] onto handler of type [class org.springframework.web.servlet.resource.ResourceHttpRequestHandler]
2017-08-22 22:54:58.289  INFO 27292 --- [main] o.s.w.s.handler.SimpleUrlHandlerMapping  : Mapped URL path [/**] onto handler of type [class org.springframework.web.servlet.resource.ResourceHttpRequestHandler]
2017-08-22 22:54:58.359  INFO 27292 --- [main] o.s.w.s.handler.SimpleUrlHandlerMapping  : Mapped URL path [/**/favicon.ico] onto handler of type [class org.springframework.web.servlet.resource.ResourceHttpRequestHandler]
2017-08-22 22:54:58.556  INFO 27292 --- [main] o.s.b.t.m.w.SpringBootMockServletContext : Initializing Spring FrameworkServlet ''
2017-08-22 22:54:58.556  INFO 27292 --- [main] o.s.t.web.servlet.TestDispatcherServlet  : FrameworkServlet '': initialization started
2017-08-22 22:54:58.578  INFO 27292 --- [main] o.s.t.web.servlet.TestDispatcherServlet  : FrameworkServlet '': initialization completed in 22 ms
2017-08-22 22:54:58.684  INFO 27292 --- [main] c.t.m.b.c.BusyFlightsControllerTest      : Started BusyFlightsControllerTest in 4.18 seconds (JVM running for 6.433)
2017-08-22 22:54:59.126  INFO 27292 --- [Thread-2] o.s.w.c.s.GenericWebApplicationContext   : Closing org.springframework.web.context.support.GenericWebApplicationContext@32ee6fee: startup date [Tue Aug 22 22:54:55 CEST 2017]; root of context hierarchy
2017-08-22 22:55:27.345  INFO 27298 --- [main] c.t.m.b.c.BusyFlightsControllerTest      : Starting BusyFlightsControllerTest on Macbook-Darya.local with PID 27298 (started by daryagolub in /Users/daryagolub/Documents/code/Idea_source/interview-test)
2017-08-22 22:55:27.347  INFO 27298 --- [main] c.t.m.b.c.BusyFlightsControllerTest      : No active profile set, falling back to default profiles: default
2017-08-22 22:55:27.389  INFO 27298 --- [main] o.s.w.c.s.GenericWebApplicationContext   : Refreshing org.springframework.web.context.support.GenericWebApplicationContext@32ee6fee: startup date [Tue Aug 22 22:55:27 CEST 2017]; root of context hierarchy
2017-08-22 22:55:30.317  INFO 27298 --- [main] s.w.s.m.m.a.RequestMappingHandlerAdapter : Looking for @ControllerAdvice: org.springframework.web.context.support.GenericWebApplicationContext@32ee6fee: startup date [Tue Aug 22 22:55:27 CEST 2017]; root of context hierarchy
2017-08-22 22:55:30.439  INFO 27298 --- [main] s.w.s.m.m.a.RequestMappingHandlerMapping : Mapped "{[/searchFlights],methods=[POST],consumes=[application/json],produces=[application/json]}" onto public java.util.List<com.travix.medusa.busyflights.domain.busyflights.BusyFlightsResponse> com.travix.medusa.busyflights.controller.BusyFlightsController.searchFlight(com.travix.medusa.busyflights.domain.busyflights.BusyFlightsRequest)
2017-08-22 22:55:30.441  INFO 27298 --- [main] s.w.s.m.m.a.RequestMappingHandlerMapping : Mapped "{[/crazyair],methods=[POST],consumes=[application/json],produces=[application/json]}" onto public java.util.List<com.travix.medusa.busyflights.domain.crazyair.CrazyAirResponse> com.travix.medusa.busyflights.controller.SuppliersController.getCrazyAirFlights(com.travix.medusa.busyflights.domain.crazyair.CrazyAirRequest)
2017-08-22 22:55:30.442  INFO 27298 --- [main] s.w.s.m.m.a.RequestMappingHandlerMapping : Mapped "{[/toughjet],methods=[POST],consumes=[application/json],produces=[application/json]}" onto public java.util.List<com.travix.medusa.busyflights.domain.toughjet.ToughJetResponse> com.travix.medusa.busyflights.controller.SuppliersController.getToughJetFlights(com.travix.medusa.busyflights.domain.toughjet.ToughJetRequest)
2017-08-22 22:55:30.445  INFO 27298 --- [main] s.w.s.m.m.a.RequestMappingHandlerMapping : Mapped "{[/error]}" onto public org.springframework.http.ResponseEntity<java.util.Map<java.lang.String, java.lang.Object>> org.springframework.boot.autoconfigure.web.BasicErrorController.error(javax.servlet.http.HttpServletRequest)
2017-08-22 22:55:30.446  INFO 27298 --- [main] s.w.s.m.m.a.RequestMappingHandlerMapping : Mapped "{[/error],produces=[text/html]}" onto public org.springframework.web.servlet.ModelAndView org.springframework.boot.autoconfigure.web.BasicErrorController.errorHtml(javax.servlet.http.HttpServletRequest,javax.servlet.http.HttpServletResponse)
2017-08-22 22:55:30.514  INFO 27298 --- [main] o.s.w.s.handler.SimpleUrlHandlerMapping  : Mapped URL path [/webjars/**] onto handler of type [class org.springframework.web.servlet.resource.ResourceHttpRequestHandler]
2017-08-22 22:55:30.515  INFO 27298 --- [main] o.s.w.s.handler.SimpleUrlHandlerMapping  : Mapped URL path [/**] onto handler of type [class org.springframework.web.servlet.resource.ResourceHttpRequestHandler]
2017-08-22 22:55:30.611  INFO 27298 --- [main] o.s.w.s.handler.SimpleUrlHandlerMapping  : Mapped URL path [/**/favicon.ico] onto handler of type [class org.springframework.web.servlet.resource.ResourceHttpRequestHandler]
2017-08-22 22:55:30.796  INFO 27298 --- [main] o.s.b.t.m.w.SpringBootMockServletContext : Initializing Spring FrameworkServlet ''
2017-08-22 22:55:30.797  INFO 27298 --- [main] o.s.t.web.servlet.TestDispatcherServlet  : FrameworkServlet '': initialization started
2017-08-22 22:55:30.816  INFO 27298 --- [main] o.s.t.web.servlet.TestDispatcherServlet  : FrameworkServlet '': initialization completed in 19 ms
2017-08-22 22:55:30.926  INFO 27298 --- [main] c.t.m.b.c.BusyFlightsControllerTest      : Started BusyFlightsControllerTest in 4.429 seconds (JVM running for 6.337)
2017-08-22 22:55:31.400  INFO 27298 --- [Thread-2] o.s.w.c.s.GenericWebApplicationContext   : Closing org.springframework.web.context.support.GenericWebApplicationContext@32ee6fee: startup date [Tue Aug 22 22:55:27 CEST 2017]; root of context hierarchy
2017-08-22 22:56:39.803  INFO 27305 --- [main] c.t.m.b.c.BusyFlightsControllerTest      : Starting BusyFlightsControllerTest on Macbook-Darya.local with PID 27305 (started by daryagolub in /Users/daryagolub/Documents/code/Idea_source/interview-test)
2017-08-22 22:56:39.805  INFO 27305 --- [main] c.t.m.b.c.BusyFlightsControllerTest      : No active profile set, falling back to default profiles: default
2017-08-22 22:56:39.889  INFO 27305 --- [main] o.s.w.c.s.GenericWebApplicationContext   : Refreshing org.springframework.web.context.support.GenericWebApplicationContext@32ee6fee: startup date [Tue Aug 22 22:56:39 CEST 2017]; root of context hierarchy
2017-08-22 22:56:42.360  INFO 27305 --- [main] s.w.s.m.m.a.RequestMappingHandlerAdapter : Looking for @ControllerAdvice: org.springframework.web.context.support.GenericWebApplicationContext@32ee6fee: startup date [Tue Aug 22 22:56:39 CEST 2017]; root of context hierarchy
2017-08-22 22:56:42.475  INFO 27305 --- [main] s.w.s.m.m.a.RequestMappingHandlerMapping : Mapped "{[/searchFlights],methods=[POST],consumes=[application/json],produces=[application/json]}" onto public java.util.List<com.travix.medusa.busyflights.domain.busyflights.BusyFlightsResponse> com.travix.medusa.busyflights.controller.BusyFlightsController.searchFlight(com.travix.medusa.busyflights.domain.busyflights.BusyFlightsRequest)
2017-08-22 22:56:42.478  INFO 27305 --- [main] s.w.s.m.m.a.RequestMappingHandlerMapping : Mapped "{[/toughjet],methods=[POST],consumes=[application/json],produces=[application/json]}" onto public java.util.List<com.travix.medusa.busyflights.domain.toughjet.ToughJetResponse> com.travix.medusa.busyflights.controller.SuppliersController.getToughJetFlights(com.travix.medusa.busyflights.domain.toughjet.ToughJetRequest)
2017-08-22 22:56:42.478  INFO 27305 --- [main] s.w.s.m.m.a.RequestMappingHandlerMapping : Mapped "{[/crazyair],methods=[POST],consumes=[application/json],produces=[application/json]}" onto public java.util.List<com.travix.medusa.busyflights.domain.crazyair.CrazyAirResponse> com.travix.medusa.busyflights.controller.SuppliersController.getCrazyAirFlights(com.travix.medusa.busyflights.domain.crazyair.CrazyAirRequest)
2017-08-22 22:56:42.481  INFO 27305 --- [main] s.w.s.m.m.a.RequestMappingHandlerMapping : Mapped "{[/error]}" onto public org.springframework.http.ResponseEntity<java.util.Map<java.lang.String, java.lang.Object>> org.springframework.boot.autoconfigure.web.BasicErrorController.error(javax.servlet.http.HttpServletRequest)
2017-08-22 22:56:42.482  INFO 27305 --- [main] s.w.s.m.m.a.RequestMappingHandlerMapping : Mapped "{[/error],produces=[text/html]}" onto public org.springframework.web.servlet.ModelAndView org.springframework.boot.autoconfigure.web.BasicErrorController.errorHtml(javax.servlet.http.HttpServletRequest,javax.servlet.http.HttpServletResponse)
2017-08-22 22:56:42.535  INFO 27305 --- [main] o.s.w.s.handler.SimpleUrlHandlerMapping  : Mapped URL path [/webjars/**] onto handler of type [class org.springframework.web.servlet.resource.ResourceHttpRequestHandler]
2017-08-22 22:56:42.535  INFO 27305 --- [main] o.s.w.s.handler.SimpleUrlHandlerMapping  : Mapped URL path [/**] onto handler of type [class org.springframework.web.servlet.resource.ResourceHttpRequestHandler]
2017-08-22 22:56:42.617  INFO 27305 --- [main] o.s.w.s.handler.SimpleUrlHandlerMapping  : Mapped URL path [/**/favicon.ico] onto handler of type [class org.springframework.web.servlet.resource.ResourceHttpRequestHandler]
2017-08-22 22:56:42.810  INFO 27305 --- [main] o.s.b.t.m.w.SpringBootMockServletContext : Initializing Spring FrameworkServlet ''
2017-08-22 22:56:42.811  INFO 27305 --- [main] o.s.t.web.servlet.TestDispatcherServlet  : FrameworkServlet '': initialization started
2017-08-22 22:56:42.842  INFO 27305 --- [main] o.s.t.web.servlet.TestDispatcherServlet  : FrameworkServlet '': initialization completed in 31 ms
2017-08-22 22:56:42.945  INFO 27305 --- [main] c.t.m.b.c.BusyFlightsControllerTest      : Started BusyFlightsControllerTest in 3.963 seconds (JVM running for 5.633)
2017-08-22 22:56:43.352  INFO 27305 --- [Thread-2] o.s.w.c.s.GenericWebApplicationContext   : Closing org.springframework.web.context.support.GenericWebApplicationContext@32ee6fee: startup date [Tue Aug 22 22:56:39 CEST 2017]; root of context hierarchy
2017-08-22 23:02:10.963  INFO 27311 --- [main] c.t.m.b.c.BusyFlightsControllerTest      : Starting BusyFlightsControllerTest on Macbook-Darya.local with PID 27311 (started by daryagolub in /Users/daryagolub/Documents/code/Idea_source/interview-test)
2017-08-22 23:02:10.965  INFO 27311 --- [main] c.t.m.b.c.BusyFlightsControllerTest      : No active profile set, falling back to default profiles: default
2017-08-22 23:02:11.027  INFO 27311 --- [main] o.s.w.c.s.GenericWebApplicationContext   : Refreshing org.springframework.web.context.support.GenericWebApplicationContext@32ee6fee: startup date [Tue Aug 22 23:02:11 CEST 2017]; root of context hierarchy
2017-08-22 23:02:13.420  INFO 27311 --- [main] s.w.s.m.m.a.RequestMappingHandlerAdapter : Looking for @ControllerAdvice: org.springframework.web.context.support.GenericWebApplicationContext@32ee6fee: startup date [Tue Aug 22 23:02:11 CEST 2017]; root of context hierarchy
2017-08-22 23:02:13.527  INFO 27311 --- [main] s.w.s.m.m.a.RequestMappingHandlerMapping : Mapped "{[/searchFlights],methods=[POST],consumes=[application/json],produces=[application/json]}" onto public java.util.List<com.travix.medusa.busyflights.domain.busyflights.BusyFlightsResponse> com.travix.medusa.busyflights.controller.BusyFlightsController.searchFlight(com.travix.medusa.busyflights.domain.busyflights.BusyFlightsRequest)
2017-08-22 23:02:13.530  INFO 27311 --- [main] s.w.s.m.m.a.RequestMappingHandlerMapping : Mapped "{[/toughjet],methods=[POST],consumes=[application/json],produces=[application/json]}" onto public java.util.List<com.travix.medusa.busyflights.domain.toughjet.ToughJetResponse> com.travix.medusa.busyflights.controller.SuppliersController.getToughJetFlights(com.travix.medusa.busyflights.domain.toughjet.ToughJetRequest)
2017-08-22 23:02:13.531  INFO 27311 --- [main] s.w.s.m.m.a.RequestMappingHandlerMapping : Mapped "{[/crazyair],methods=[POST],consumes=[application/json],produces=[application/json]}" onto public java.util.List<com.travix.medusa.busyflights.domain.crazyair.CrazyAirResponse> com.travix.medusa.busyflights.controller.SuppliersController.getCrazyAirFlights(com.travix.medusa.busyflights.domain.crazyair.CrazyAirRequest)
2017-08-22 23:02:13.534  INFO 27311 --- [main] s.w.s.m.m.a.RequestMappingHandlerMapping : Mapped "{[/error]}" onto public org.springframework.http.ResponseEntity<java.util.Map<java.lang.String, java.lang.Object>> org.springframework.boot.autoconfigure.web.BasicErrorController.error(javax.servlet.http.HttpServletRequest)
2017-08-22 23:02:13.535  INFO 27311 --- [main] s.w.s.m.m.a.RequestMappingHandlerMapping : Mapped "{[/error],produces=[text/html]}" onto public org.springframework.web.servlet.ModelAndView org.springframework.boot.autoconfigure.web.BasicErrorController.errorHtml(javax.servlet.http.HttpServletRequest,javax.servlet.http.HttpServletResponse)
2017-08-22 23:02:13.587  INFO 27311 --- [main] o.s.w.s.handler.SimpleUrlHandlerMapping  : Mapped URL path [/webjars/**] onto handler of type [class org.springframework.web.servlet.resource.ResourceHttpRequestHandler]
2017-08-22 23:02:13.587  INFO 27311 --- [main] o.s.w.s.handler.SimpleUrlHandlerMapping  : Mapped URL path [/**] onto handler of type [class org.springframework.web.servlet.resource.ResourceHttpRequestHandler]
2017-08-22 23:02:13.672  INFO 27311 --- [main] o.s.w.s.handler.SimpleUrlHandlerMapping  : Mapped URL path [/**/favicon.ico] onto handler of type [class org.springframework.web.servlet.resource.ResourceHttpRequestHandler]
2017-08-22 23:02:13.906  INFO 27311 --- [main] o.s.b.t.m.w.SpringBootMockServletContext : Initializing Spring FrameworkServlet ''
2017-08-22 23:02:13.907  INFO 27311 --- [main] o.s.t.web.servlet.TestDispatcherServlet  : FrameworkServlet '': initialization started
2017-08-22 23:02:13.934  INFO 27311 --- [main] o.s.t.web.servlet.TestDispatcherServlet  : FrameworkServlet '': initialization completed in 27 ms
2017-08-22 23:02:14.029  INFO 27311 --- [main] c.t.m.b.c.BusyFlightsControllerTest      : Started BusyFlightsControllerTest in 4.23 seconds (JVM running for 6.103)
2017-08-22 23:02:14.509  INFO 27311 --- [Thread-2] o.s.w.c.s.GenericWebApplicationContext   : Closing org.springframework.web.context.support.GenericWebApplicationContext@32ee6fee: startup date [Tue Aug 22 23:02:11 CEST 2017]; root of context hierarchy
2017-08-22 23:03:13.956  INFO 27320 --- [main] c.t.m.b.c.BusyFlightsControllerTest      : Starting BusyFlightsControllerTest on Macbook-Darya.local with PID 27320 (started by daryagolub in /Users/daryagolub/Documents/code/Idea_source/interview-test)
2017-08-22 23:03:13.961  INFO 27320 --- [main] c.t.m.b.c.BusyFlightsControllerTest      : No active profile set, falling back to default profiles: default
2017-08-22 23:03:14.011  INFO 27320 --- [main] o.s.w.c.s.GenericWebApplicationContext   : Refreshing org.springframework.web.context.support.GenericWebApplicationContext@53fdffa1: startup date [Tue Aug 22 23:03:14 CEST 2017]; root of context hierarchy
2017-08-22 23:03:16.405  INFO 27320 --- [main] s.w.s.m.m.a.RequestMappingHandlerAdapter : Looking for @ControllerAdvice: org.springframework.web.context.support.GenericWebApplicationContext@53fdffa1: startup date [Tue Aug 22 23:03:14 CEST 2017]; root of context hierarchy
2017-08-22 23:03:16.510  INFO 27320 --- [main] s.w.s.m.m.a.RequestMappingHandlerMapping : Mapped "{[/searchFlights],methods=[POST],consumes=[application/json],produces=[application/json]}" onto public java.util.List<com.travix.medusa.busyflights.domain.busyflights.BusyFlightsResponse> com.travix.medusa.busyflights.controller.BusyFlightsController.searchFlight(com.travix.medusa.busyflights.domain.busyflights.BusyFlightsRequest)
2017-08-22 23:03:16.514  INFO 27320 --- [main] s.w.s.m.m.a.RequestMappingHandlerMapping : Mapped "{[/crazyair],methods=[POST],consumes=[application/json],produces=[application/json]}" onto public java.util.List<com.travix.medusa.busyflights.domain.crazyair.CrazyAirResponse> com.travix.medusa.busyflights.controller.SuppliersController.getCrazyAirFlights(com.travix.medusa.busyflights.domain.crazyair.CrazyAirRequest)
2017-08-22 23:03:16.515  INFO 27320 --- [main] s.w.s.m.m.a.RequestMappingHandlerMapping : Mapped "{[/toughjet],methods=[POST],consumes=[application/json],produces=[application/json]}" onto public java.util.List<com.travix.medusa.busyflights.domain.toughjet.ToughJetResponse> com.travix.medusa.busyflights.controller.SuppliersController.getToughJetFlights(com.travix.medusa.busyflights.domain.toughjet.ToughJetRequest)
2017-08-22 23:03:16.520  INFO 27320 --- [main] s.w.s.m.m.a.RequestMappingHandlerMapping : Mapped "{[/error]}" onto public org.springframework.http.ResponseEntity<java.util.Map<java.lang.String, java.lang.Object>> org.springframework.boot.autoconfigure.web.BasicErrorController.error(javax.servlet.http.HttpServletRequest)
2017-08-22 23:03:16.520  INFO 27320 --- [main] s.w.s.m.m.a.RequestMappingHandlerMapping : Mapped "{[/error],produces=[text/html]}" onto public org.springframework.web.servlet.ModelAndView org.springframework.boot.autoconfigure.web.BasicErrorController.errorHtml(javax.servlet.http.HttpServletRequest,javax.servlet.http.HttpServletResponse)
2017-08-22 23:03:16.574  INFO 27320 --- [main] o.s.w.s.handler.SimpleUrlHandlerMapping  : Mapped URL path [/webjars/**] onto handler of type [class org.springframework.web.servlet.resource.ResourceHttpRequestHandler]
2017-08-22 23:03:16.574  INFO 27320 --- [main] o.s.w.s.handler.SimpleUrlHandlerMapping  : Mapped URL path [/**] onto handler of type [class org.springframework.web.servlet.resource.ResourceHttpRequestHandler]
2017-08-22 23:03:16.651  INFO 27320 --- [main] o.s.w.s.handler.SimpleUrlHandlerMapping  : Mapped URL path [/**/favicon.ico] onto handler of type [class org.springframework.web.servlet.resource.ResourceHttpRequestHandler]
2017-08-22 23:03:16.851  INFO 27320 --- [main] o.s.b.t.m.w.SpringBootMockServletContext : Initializing Spring FrameworkServlet ''
2017-08-22 23:03:16.851  INFO 27320 --- [main] o.s.t.web.servlet.TestDispatcherServlet  : FrameworkServlet '': initialization started
2017-08-22 23:03:16.872  INFO 27320 --- [main] o.s.t.web.servlet.TestDispatcherServlet  : FrameworkServlet '': initialization completed in 21 ms
2017-08-22 23:03:16.977  INFO 27320 --- [main] c.t.m.b.c.BusyFlightsControllerTest      : Started BusyFlightsControllerTest in 3.943 seconds (JVM running for 5.67)
2017-08-22 23:03:17.501  INFO 27320 --- [Thread-2] o.s.w.c.s.GenericWebApplicationContext   : Closing org.springframework.web.context.support.GenericWebApplicationContext@53fdffa1: startup date [Tue Aug 22 23:03:14 CEST 2017]; root of context hierarchy
2017-08-22 23:03:31.867  INFO 27324 --- [main] c.t.m.b.c.BusyFlightsControllerTest      : Starting BusyFlightsControllerTest on Macbook-Darya.local with PID 27324 (started by daryagolub in /Users/daryagolub/Documents/code/Idea_source/interview-test)
2017-08-22 23:03:31.870  INFO 27324 --- [main] c.t.m.b.c.BusyFlightsControllerTest      : No active profile set, falling back to default profiles: default
2017-08-22 23:03:31.952  INFO 27324 --- [main] o.s.w.c.s.GenericWebApplicationContext   : Refreshing org.springframework.web.context.support.GenericWebApplicationContext@32ee6fee: startup date [Tue Aug 22 23:03:31 CEST 2017]; root of context hierarchy
2017-08-22 23:03:34.268  INFO 27324 --- [main] s.w.s.m.m.a.RequestMappingHandlerAdapter : Looking for @ControllerAdvice: org.springframework.web.context.support.GenericWebApplicationContext@32ee6fee: startup date [Tue Aug 22 23:03:31 CEST 2017]; root of context hierarchy
2017-08-22 23:03:34.390  INFO 27324 --- [main] s.w.s.m.m.a.RequestMappingHandlerMapping : Mapped "{[/searchFlights],methods=[POST],consumes=[application/json],produces=[application/json]}" onto public java.util.List<com.travix.medusa.busyflights.domain.busyflights.BusyFlightsResponse> com.travix.medusa.busyflights.controller.BusyFlightsController.searchFlight(com.travix.medusa.busyflights.domain.busyflights.BusyFlightsRequest)
2017-08-22 23:03:34.393  INFO 27324 --- [main] s.w.s.m.m.a.RequestMappingHandlerMapping : Mapped "{[/toughjet],methods=[POST],consumes=[application/json],produces=[application/json]}" onto public java.util.List<com.travix.medusa.busyflights.domain.toughjet.ToughJetResponse> com.travix.medusa.busyflights.controller.SuppliersController.getToughJetFlights(com.travix.medusa.busyflights.domain.toughjet.ToughJetRequest)
2017-08-22 23:03:34.393  INFO 27324 --- [main] s.w.s.m.m.a.RequestMappingHandlerMapping : Mapped "{[/crazyair],methods=[POST],consumes=[application/json],produces=[application/json]}" onto public java.util.List<com.travix.medusa.busyflights.domain.crazyair.CrazyAirResponse> com.travix.medusa.busyflights.controller.SuppliersController.getCrazyAirFlights(com.travix.medusa.busyflights.domain.crazyair.CrazyAirRequest)
2017-08-22 23:03:34.396  INFO 27324 --- [main] s.w.s.m.m.a.RequestMappingHandlerMapping : Mapped "{[/error]}" onto public org.springframework.http.ResponseEntity<java.util.Map<java.lang.String, java.lang.Object>> org.springframework.boot.autoconfigure.web.BasicErrorController.error(javax.servlet.http.HttpServletRequest)
2017-08-22 23:03:34.397  INFO 27324 --- [main] s.w.s.m.m.a.RequestMappingHandlerMapping : Mapped "{[/error],produces=[text/html]}" onto public org.springframework.web.servlet.ModelAndView org.springframework.boot.autoconfigure.web.BasicErrorController.errorHtml(javax.servlet.http.HttpServletRequest,javax.servlet.http.HttpServletResponse)
2017-08-22 23:03:34.447  INFO 27324 --- [main] o.s.w.s.handler.SimpleUrlHandlerMapping  : Mapped URL path [/webjars/**] onto handler of type [class org.springframework.web.servlet.resource.ResourceHttpRequestHandler]
2017-08-22 23:03:34.448  INFO 27324 --- [main] o.s.w.s.handler.SimpleUrlHandlerMapping  : Mapped URL path [/**] onto handler of type [class org.springframework.web.servlet.resource.ResourceHttpRequestHandler]
2017-08-22 23:03:34.522  INFO 27324 --- [main] o.s.w.s.handler.SimpleUrlHandlerMapping  : Mapped URL path [/**/favicon.ico] onto handler of type [class org.springframework.web.servlet.resource.ResourceHttpRequestHandler]
2017-08-22 23:03:34.701  INFO 27324 --- [main] o.s.b.t.m.w.SpringBootMockServletContext : Initializing Spring FrameworkServlet ''
2017-08-22 23:03:34.701  INFO 27324 --- [main] o.s.t.web.servlet.TestDispatcherServlet  : FrameworkServlet '': initialization started
2017-08-22 23:03:34.725  INFO 27324 --- [main] o.s.t.web.servlet.TestDispatcherServlet  : FrameworkServlet '': initialization completed in 23 ms
2017-08-22 23:03:34.843  INFO 27324 --- [main] c.t.m.b.c.BusyFlightsControllerTest      : Started BusyFlightsControllerTest in 3.924 seconds (JVM running for 5.659)
2017-08-22 23:03:35.190  INFO 27324 --- [Thread-2] o.s.w.c.s.GenericWebApplicationContext   : Closing org.springframework.web.context.support.GenericWebApplicationContext@32ee6fee: startup date [Tue Aug 22 23:03:31 CEST 2017]; root of context hierarchy
2017-08-22 23:08:14.927  INFO 27351 --- [main] c.t.m.b.c.BusyFlightsControllerTest      : Starting BusyFlightsControllerTest on Macbook-Darya.local with PID 27351 (started by daryagolub in /Users/daryagolub/Documents/code/Idea_source/interview-test)
2017-08-22 23:08:14.937  INFO 27351 --- [main] c.t.m.b.c.BusyFlightsControllerTest      : No active profile set, falling back to default profiles: default
2017-08-22 23:08:15.024  INFO 27351 --- [main] o.s.w.c.s.GenericWebApplicationContext   : Refreshing org.springframework.web.context.support.GenericWebApplicationContext@32ee6fee: startup date [Tue Aug 22 23:08:15 CEST 2017]; root of context hierarchy
2017-08-22 23:08:17.454  INFO 27351 --- [main] s.w.s.m.m.a.RequestMappingHandlerAdapter : Looking for @ControllerAdvice: org.springframework.web.context.support.GenericWebApplicationContext@32ee6fee: startup date [Tue Aug 22 23:08:15 CEST 2017]; root of context hierarchy
2017-08-22 23:08:17.567  INFO 27351 --- [main] s.w.s.m.m.a.RequestMappingHandlerMapping : Mapped "{[/searchFlights],methods=[POST],consumes=[application/json],produces=[application/json]}" onto public java.util.List<com.travix.medusa.busyflights.domain.busyflights.BusyFlightsResponse> com.travix.medusa.busyflights.controller.BusyFlightsController.searchFlight(com.travix.medusa.busyflights.domain.busyflights.BusyFlightsRequest)
2017-08-22 23:08:17.570  INFO 27351 --- [main] s.w.s.m.m.a.RequestMappingHandlerMapping : Mapped "{[/toughjet],methods=[POST],consumes=[application/json],produces=[application/json]}" onto public java.util.List<com.travix.medusa.busyflights.domain.toughjet.ToughJetResponse> com.travix.medusa.busyflights.controller.SuppliersController.getToughJetFlights(com.travix.medusa.busyflights.domain.toughjet.ToughJetRequest)
2017-08-22 23:08:17.571  INFO 27351 --- [main] s.w.s.m.m.a.RequestMappingHandlerMapping : Mapped "{[/crazyair],methods=[POST],consumes=[application/json],produces=[application/json]}" onto public java.util.List<com.travix.medusa.busyflights.domain.crazyair.CrazyAirResponse> com.travix.medusa.busyflights.controller.SuppliersController.getCrazyAirFlights(com.travix.medusa.busyflights.domain.crazyair.CrazyAirRequest)
2017-08-22 23:08:17.575  INFO 27351 --- [main] s.w.s.m.m.a.RequestMappingHandlerMapping : Mapped "{[/error]}" onto public org.springframework.http.ResponseEntity<java.util.Map<java.lang.String, java.lang.Object>> org.springframework.boot.autoconfigure.web.BasicErrorController.error(javax.servlet.http.HttpServletRequest)
2017-08-22 23:08:17.576  INFO 27351 --- [main] s.w.s.m.m.a.RequestMappingHandlerMapping : Mapped "{[/error],produces=[text/html]}" onto public org.springframework.web.servlet.ModelAndView org.springframework.boot.autoconfigure.web.BasicErrorController.errorHtml(javax.servlet.http.HttpServletRequest,javax.servlet.http.HttpServletResponse)
2017-08-22 23:08:17.632  INFO 27351 --- [main] o.s.w.s.handler.SimpleUrlHandlerMapping  : Mapped URL path [/webjars/**] onto handler of type [class org.springframework.web.servlet.resource.ResourceHttpRequestHandler]
2017-08-22 23:08:17.632  INFO 27351 --- [main] o.s.w.s.handler.SimpleUrlHandlerMapping  : Mapped URL path [/**] onto handler of type [class org.springframework.web.servlet.resource.ResourceHttpRequestHandler]
2017-08-22 23:08:17.707  INFO 27351 --- [main] o.s.w.s.handler.SimpleUrlHandlerMapping  : Mapped URL path [/**/favicon.ico] onto handler of type [class org.springframework.web.servlet.resource.ResourceHttpRequestHandler]
2017-08-22 23:08:17.879  INFO 27351 --- [main] o.s.b.t.m.w.SpringBootMockServletContext : Initializing Spring FrameworkServlet ''
2017-08-22 23:08:17.879  INFO 27351 --- [main] o.s.t.web.servlet.TestDispatcherServlet  : FrameworkServlet '': initialization started
2017-08-22 23:08:17.902  INFO 27351 --- [main] o.s.t.web.servlet.TestDispatcherServlet  : FrameworkServlet '': initialization completed in 22 ms
2017-08-22 23:08:18.018  INFO 27351 --- [main] c.t.m.b.c.BusyFlightsControllerTest      : Started BusyFlightsControllerTest in 3.949 seconds (JVM running for 5.815)
2017-08-22 23:08:18.477  INFO 27351 --- [Thread-2] o.s.w.c.s.GenericWebApplicationContext   : Closing org.springframework.web.context.support.GenericWebApplicationContext@32ee6fee: startup date [Tue Aug 22 23:08:15 CEST 2017]; root of context hierarchy
2017-08-22 23:10:04.949  INFO 27356 --- [main] c.t.m.b.c.BusyFlightsControllerTest      : Starting BusyFlightsControllerTest on Macbook-Darya.local with PID 27356 (started by daryagolub in /Users/daryagolub/Documents/code/Idea_source/interview-test)
2017-08-22 23:10:04.952  INFO 27356 --- [main] c.t.m.b.c.BusyFlightsControllerTest      : No active profile set, falling back to default profiles: default
2017-08-22 23:10:04.995  INFO 27356 --- [main] o.s.w.c.s.GenericWebApplicationContext   : Refreshing org.springframework.web.context.support.GenericWebApplicationContext@32ee6fee: startup date [Tue Aug 22 23:10:04 CEST 2017]; root of context hierarchy
2017-08-22 23:10:07.336  INFO 27356 --- [main] s.w.s.m.m.a.RequestMappingHandlerAdapter : Looking for @ControllerAdvice: org.springframework.web.context.support.GenericWebApplicationContext@32ee6fee: startup date [Tue Aug 22 23:10:04 CEST 2017]; root of context hierarchy
2017-08-22 23:10:07.470  INFO 27356 --- [main] s.w.s.m.m.a.RequestMappingHandlerMapping : Mapped "{[/searchFlights],methods=[POST],consumes=[application/json],produces=[application/json]}" onto public java.util.List<com.travix.medusa.busyflights.domain.busyflights.BusyFlightsResponse> com.travix.medusa.busyflights.controller.BusyFlightsController.searchFlight(com.travix.medusa.busyflights.domain.busyflights.BusyFlightsRequest)
2017-08-22 23:10:07.472  INFO 27356 --- [main] s.w.s.m.m.a.RequestMappingHandlerMapping : Mapped "{[/toughjet],methods=[POST],consumes=[application/json],produces=[application/json]}" onto public java.util.List<com.travix.medusa.busyflights.domain.toughjet.ToughJetResponse> com.travix.medusa.busyflights.controller.SuppliersController.getToughJetFlights(com.travix.medusa.busyflights.domain.toughjet.ToughJetRequest)
2017-08-22 23:10:07.473  INFO 27356 --- [main] s.w.s.m.m.a.RequestMappingHandlerMapping : Mapped "{[/crazyair],methods=[POST],consumes=[application/json],produces=[application/json]}" onto public java.util.List<com.travix.medusa.busyflights.domain.crazyair.CrazyAirResponse> com.travix.medusa.busyflights.controller.SuppliersController.getCrazyAirFlights(com.travix.medusa.busyflights.domain.crazyair.CrazyAirRequest)
2017-08-22 23:10:07.476  INFO 27356 --- [main] s.w.s.m.m.a.RequestMappingHandlerMapping : Mapped "{[/error]}" onto public org.springframework.http.ResponseEntity<java.util.Map<java.lang.String, java.lang.Object>> org.springframework.boot.autoconfigure.web.BasicErrorController.error(javax.servlet.http.HttpServletRequest)
2017-08-22 23:10:07.477  INFO 27356 --- [main] s.w.s.m.m.a.RequestMappingHandlerMapping : Mapped "{[/error],produces=[text/html]}" onto public org.springframework.web.servlet.ModelAndView org.springframework.boot.autoconfigure.web.BasicErrorController.errorHtml(javax.servlet.http.HttpServletRequest,javax.servlet.http.HttpServletResponse)
2017-08-22 23:10:07.532  INFO 27356 --- [main] o.s.w.s.handler.SimpleUrlHandlerMapping  : Mapped URL path [/webjars/**] onto handler of type [class org.springframework.web.servlet.resource.ResourceHttpRequestHandler]
2017-08-22 23:10:07.533  INFO 27356 --- [main] o.s.w.s.handler.SimpleUrlHandlerMapping  : Mapped URL path [/**] onto handler of type [class org.springframework.web.servlet.resource.ResourceHttpRequestHandler]
2017-08-22 23:10:07.618  INFO 27356 --- [main] o.s.w.s.handler.SimpleUrlHandlerMapping  : Mapped URL path [/**/favicon.ico] onto handler of type [class org.springframework.web.servlet.resource.ResourceHttpRequestHandler]
2017-08-22 23:10:07.799  INFO 27356 --- [main] o.s.b.t.m.w.SpringBootMockServletContext : Initializing Spring FrameworkServlet ''
2017-08-22 23:10:07.799  INFO 27356 --- [main] o.s.t.web.servlet.TestDispatcherServlet  : FrameworkServlet '': initialization started
2017-08-22 23:10:07.824  INFO 27356 --- [main] o.s.t.web.servlet.TestDispatcherServlet  : FrameworkServlet '': initialization completed in 25 ms
2017-08-22 23:10:07.946  INFO 27356 --- [main] c.t.m.b.c.BusyFlightsControllerTest      : Started BusyFlightsControllerTest in 4.218 seconds (JVM running for 6.138)
2017-08-22 23:10:08.304  INFO 27356 --- [Thread-2] o.s.w.c.s.GenericWebApplicationContext   : Closing org.springframework.web.context.support.GenericWebApplicationContext@32ee6fee: startup date [Tue Aug 22 23:10:04 CEST 2017]; root of context hierarchy
2017-08-22 23:17:36.042  INFO 27397 --- [main] c.t.m.b.c.BusyFlightsControllerTest      : Starting BusyFlightsControllerTest on Macbook-Darya.local with PID 27397 (started by daryagolub in /Users/daryagolub/Documents/code/Idea_source/interview-test)
2017-08-22 23:17:36.050  INFO 27397 --- [main] c.t.m.b.c.BusyFlightsControllerTest      : No active profile set, falling back to default profiles: default
2017-08-22 23:17:36.116  INFO 27397 --- [main] o.s.w.c.s.GenericWebApplicationContext   : Refreshing org.springframework.web.context.support.GenericWebApplicationContext@32ee6fee: startup date [Tue Aug 22 23:17:36 CEST 2017]; root of context hierarchy
2017-08-22 23:17:38.573  INFO 27397 --- [main] s.w.s.m.m.a.RequestMappingHandlerAdapter : Looking for @ControllerAdvice: org.springframework.web.context.support.GenericWebApplicationContext@32ee6fee: startup date [Tue Aug 22 23:17:36 CEST 2017]; root of context hierarchy
2017-08-22 23:17:38.681  INFO 27397 --- [main] s.w.s.m.m.a.RequestMappingHandlerMapping : Mapped "{[/searchFlights],methods=[POST],consumes=[application/json],produces=[application/json]}" onto public java.util.List<com.travix.medusa.busyflights.domain.busyflights.BusyFlightsResponse> com.travix.medusa.busyflights.controller.BusyFlightsController.searchFlight(com.travix.medusa.busyflights.domain.busyflights.BusyFlightsRequest)
2017-08-22 23:17:38.684  INFO 27397 --- [main] s.w.s.m.m.a.RequestMappingHandlerMapping : Mapped "{[/crazyair],methods=[POST],consumes=[application/json],produces=[application/json]}" onto public java.util.List<com.travix.medusa.busyflights.domain.crazyair.CrazyAirResponse> com.travix.medusa.busyflights.controller.SuppliersController.getCrazyAirFlights(com.travix.medusa.busyflights.domain.crazyair.CrazyAirRequest)
2017-08-22 23:17:38.685  INFO 27397 --- [main] s.w.s.m.m.a.RequestMappingHandlerMapping : Mapped "{[/toughjet],methods=[POST],consumes=[application/json],produces=[application/json]}" onto public java.util.List<com.travix.medusa.busyflights.domain.toughjet.ToughJetResponse> com.travix.medusa.busyflights.controller.SuppliersController.getToughJetFlights(com.travix.medusa.busyflights.domain.toughjet.ToughJetRequest)
2017-08-22 23:17:38.689  INFO 27397 --- [main] s.w.s.m.m.a.RequestMappingHandlerMapping : Mapped "{[/error]}" onto public org.springframework.http.ResponseEntity<java.util.Map<java.lang.String, java.lang.Object>> org.springframework.boot.autoconfigure.web.BasicErrorController.error(javax.servlet.http.HttpServletRequest)
2017-08-22 23:17:38.691  INFO 27397 --- [main] s.w.s.m.m.a.RequestMappingHandlerMapping : Mapped "{[/error],produces=[text/html]}" onto public org.springframework.web.servlet.ModelAndView org.springframework.boot.autoconfigure.web.BasicErrorController.errorHtml(javax.servlet.http.HttpServletRequest,javax.servlet.http.HttpServletResponse)
2017-08-22 23:17:38.752  INFO 27397 --- [main] o.s.w.s.handler.SimpleUrlHandlerMapping  : Mapped URL path [/webjars/**] onto handler of type [class org.springframework.web.servlet.resource.ResourceHttpRequestHandler]
2017-08-22 23:17:38.752  INFO 27397 --- [main] o.s.w.s.handler.SimpleUrlHandlerMapping  : Mapped URL path [/**] onto handler of type [class org.springframework.web.servlet.resource.ResourceHttpRequestHandler]
2017-08-22 23:17:38.832  INFO 27397 --- [main] o.s.w.s.handler.SimpleUrlHandlerMapping  : Mapped URL path [/**/favicon.ico] onto handler of type [class org.springframework.web.servlet.resource.ResourceHttpRequestHandler]
2017-08-22 23:17:39.016  INFO 27397 --- [main] o.s.b.t.m.w.SpringBootMockServletContext : Initializing Spring FrameworkServlet ''
2017-08-22 23:17:39.016  INFO 27397 --- [main] o.s.t.web.servlet.TestDispatcherServlet  : FrameworkServlet '': initialization started
2017-08-22 23:17:39.039  INFO 27397 --- [main] o.s.t.web.servlet.TestDispatcherServlet  : FrameworkServlet '': initialization completed in 23 ms
2017-08-22 23:17:39.152  INFO 27397 --- [main] c.t.m.b.c.BusyFlightsControllerTest      : Started BusyFlightsControllerTest in 4.423 seconds (JVM running for 6.164)
2017-08-22 23:17:39.464  INFO 27397 --- [Thread-2] o.s.w.c.s.GenericWebApplicationContext   : Closing org.springframework.web.context.support.GenericWebApplicationContext@32ee6fee: startup date [Tue Aug 22 23:17:36 CEST 2017]; root of context hierarchy
2017-08-22 23:19:04.144  INFO 27407 --- [main] c.t.m.b.c.BusyFlightsControllerTest      : Starting BusyFlightsControllerTest on Macbook-Darya.local with PID 27407 (started by daryagolub in /Users/daryagolub/Documents/code/Idea_source/interview-test)
2017-08-22 23:19:04.149  INFO 27407 --- [main] c.t.m.b.c.BusyFlightsControllerTest      : No active profile set, falling back to default profiles: default
2017-08-22 23:19:04.221  INFO 27407 --- [main] o.s.w.c.s.GenericWebApplicationContext   : Refreshing org.springframework.web.context.support.GenericWebApplicationContext@32ee6fee: startup date [Tue Aug 22 23:19:04 CEST 2017]; root of context hierarchy
2017-08-22 23:19:06.930  INFO 27407 --- [main] s.w.s.m.m.a.RequestMappingHandlerAdapter : Looking for @ControllerAdvice: org.springframework.web.context.support.GenericWebApplicationContext@32ee6fee: startup date [Tue Aug 22 23:19:04 CEST 2017]; root of context hierarchy
2017-08-22 23:19:07.048  INFO 27407 --- [main] s.w.s.m.m.a.RequestMappingHandlerMapping : Mapped "{[/searchFlights],methods=[POST],consumes=[application/json],produces=[application/json]}" onto public java.util.List<com.travix.medusa.busyflights.domain.busyflights.BusyFlightsResponse> com.travix.medusa.busyflights.controller.BusyFlightsController.searchFlight(com.travix.medusa.busyflights.domain.busyflights.BusyFlightsRequest)
2017-08-22 23:19:07.050  INFO 27407 --- [main] s.w.s.m.m.a.RequestMappingHandlerMapping : Mapped "{[/crazyair],methods=[POST],consumes=[application/json],produces=[application/json]}" onto public java.util.List<com.travix.medusa.busyflights.domain.crazyair.CrazyAirResponse> com.travix.medusa.busyflights.controller.SuppliersController.getCrazyAirFlights(com.travix.medusa.busyflights.domain.crazyair.CrazyAirRequest)
2017-08-22 23:19:07.051  INFO 27407 --- [main] s.w.s.m.m.a.RequestMappingHandlerMapping : Mapped "{[/toughjet],methods=[POST],consumes=[application/json],produces=[application/json]}" onto public java.util.List<com.travix.medusa.busyflights.domain.toughjet.ToughJetResponse> com.travix.medusa.busyflights.controller.SuppliersController.getToughJetFlights(com.travix.medusa.busyflights.domain.toughjet.ToughJetRequest)
2017-08-22 23:19:07.054  INFO 27407 --- [main] s.w.s.m.m.a.RequestMappingHandlerMapping : Mapped "{[/error]}" onto public org.springframework.http.ResponseEntity<java.util.Map<java.lang.String, java.lang.Object>> org.springframework.boot.autoconfigure.web.BasicErrorController.error(javax.servlet.http.HttpServletRequest)
2017-08-22 23:19:07.055  INFO 27407 --- [main] s.w.s.m.m.a.RequestMappingHandlerMapping : Mapped "{[/error],produces=[text/html]}" onto public org.springframework.web.servlet.ModelAndView org.springframework.boot.autoconfigure.web.BasicErrorController.errorHtml(javax.servlet.http.HttpServletRequest,javax.servlet.http.HttpServletResponse)
2017-08-22 23:19:07.117  INFO 27407 --- [main] o.s.w.s.handler.SimpleUrlHandlerMapping  : Mapped URL path [/webjars/**] onto handler of type [class org.springframework.web.servlet.resource.ResourceHttpRequestHandler]
2017-08-22 23:19:07.118  INFO 27407 --- [main] o.s.w.s.handler.SimpleUrlHandlerMapping  : Mapped URL path [/**] onto handler of type [class org.springframework.web.servlet.resource.ResourceHttpRequestHandler]
2017-08-22 23:19:07.195  INFO 27407 --- [main] o.s.w.s.handler.SimpleUrlHandlerMapping  : Mapped URL path [/**/favicon.ico] onto handler of type [class org.springframework.web.servlet.resource.ResourceHttpRequestHandler]
2017-08-22 23:19:07.388  INFO 27407 --- [main] o.s.b.t.m.w.SpringBootMockServletContext : Initializing Spring FrameworkServlet ''
2017-08-22 23:19:07.389  INFO 27407 --- [main] o.s.t.web.servlet.TestDispatcherServlet  : FrameworkServlet '': initialization started
2017-08-22 23:19:07.419  INFO 27407 --- [main] o.s.t.web.servlet.TestDispatcherServlet  : FrameworkServlet '': initialization completed in 30 ms
2017-08-22 23:19:07.518  INFO 27407 --- [main] c.t.m.b.c.BusyFlightsControllerTest      : Started BusyFlightsControllerTest in 4.263 seconds (JVM running for 6.081)
2017-08-22 23:19:08.061  INFO 27407 --- [Thread-2] o.s.w.c.s.GenericWebApplicationContext   : Closing org.springframework.web.context.support.GenericWebApplicationContext@32ee6fee: startup date [Tue Aug 22 23:19:04 CEST 2017]; root of context hierarchy
2017-08-22 23:19:43.224  INFO 27414 --- [main] c.t.m.b.c.BusyFlightsControllerTest      : Starting BusyFlightsControllerTest on Macbook-Darya.local with PID 27414 (started by daryagolub in /Users/daryagolub/Documents/code/Idea_source/interview-test)
2017-08-22 23:19:43.245  INFO 27414 --- [main] c.t.m.b.c.BusyFlightsControllerTest      : No active profile set, falling back to default profiles: default
2017-08-22 23:19:43.342  INFO 27414 --- [main] o.s.w.c.s.GenericWebApplicationContext   : Refreshing org.springframework.web.context.support.GenericWebApplicationContext@32ee6fee: startup date [Tue Aug 22 23:19:43 CEST 2017]; root of context hierarchy
2017-08-22 23:19:45.611  INFO 27414 --- [main] s.w.s.m.m.a.RequestMappingHandlerAdapter : Looking for @ControllerAdvice: org.springframework.web.context.support.GenericWebApplicationContext@32ee6fee: startup date [Tue Aug 22 23:19:43 CEST 2017]; root of context hierarchy
2017-08-22 23:19:45.720  INFO 27414 --- [main] s.w.s.m.m.a.RequestMappingHandlerMapping : Mapped "{[/searchFlights],methods=[POST],consumes=[application/json],produces=[application/json]}" onto public java.util.List<com.travix.medusa.busyflights.domain.busyflights.BusyFlightsResponse> com.travix.medusa.busyflights.controller.BusyFlightsController.searchFlight(com.travix.medusa.busyflights.domain.busyflights.BusyFlightsRequest)
2017-08-22 23:19:45.724  INFO 27414 --- [main] s.w.s.m.m.a.RequestMappingHandlerMapping : Mapped "{[/toughjet],methods=[POST],consumes=[application/json],produces=[application/json]}" onto public java.util.List<com.travix.medusa.busyflights.domain.toughjet.ToughJetResponse> com.travix.medusa.busyflights.controller.SuppliersController.getToughJetFlights(com.travix.medusa.busyflights.domain.toughjet.ToughJetRequest)
2017-08-22 23:19:45.725  INFO 27414 --- [main] s.w.s.m.m.a.RequestMappingHandlerMapping : Mapped "{[/crazyair],methods=[POST],consumes=[application/json],produces=[application/json]}" onto public java.util.List<com.travix.medusa.busyflights.domain.crazyair.CrazyAirResponse> com.travix.medusa.busyflights.controller.SuppliersController.getCrazyAirFlights(com.travix.medusa.busyflights.domain.crazyair.CrazyAirRequest)
2017-08-22 23:19:45.728  INFO 27414 --- [main] s.w.s.m.m.a.RequestMappingHandlerMapping : Mapped "{[/error]}" onto public org.springframework.http.ResponseEntity<java.util.Map<java.lang.String, java.lang.Object>> org.springframework.boot.autoconfigure.web.BasicErrorController.error(javax.servlet.http.HttpServletRequest)
2017-08-22 23:19:45.729  INFO 27414 --- [main] s.w.s.m.m.a.RequestMappingHandlerMapping : Mapped "{[/error],produces=[text/html]}" onto public org.springframework.web.servlet.ModelAndView org.springframework.boot.autoconfigure.web.BasicErrorController.errorHtml(javax.servlet.http.HttpServletRequest,javax.servlet.http.HttpServletResponse)
2017-08-22 23:19:45.797  INFO 27414 --- [main] o.s.w.s.handler.SimpleUrlHandlerMapping  : Mapped URL path [/webjars/**] onto handler of type [class org.springframework.web.servlet.resource.ResourceHttpRequestHandler]
2017-08-22 23:19:45.797  INFO 27414 --- [main] o.s.w.s.handler.SimpleUrlHandlerMapping  : Mapped URL path [/**] onto handler of type [class org.springframework.web.servlet.resource.ResourceHttpRequestHandler]
2017-08-22 23:19:45.882  INFO 27414 --- [main] o.s.w.s.handler.SimpleUrlHandlerMapping  : Mapped URL path [/**/favicon.ico] onto handler of type [class org.springframework.web.servlet.resource.ResourceHttpRequestHandler]
2017-08-22 23:19:46.058  INFO 27414 --- [main] o.s.b.t.m.w.SpringBootMockServletContext : Initializing Spring FrameworkServlet ''
2017-08-22 23:19:46.059  INFO 27414 --- [main] o.s.t.web.servlet.TestDispatcherServlet  : FrameworkServlet '': initialization started
2017-08-22 23:19:46.080  INFO 27414 --- [main] o.s.t.web.servlet.TestDispatcherServlet  : FrameworkServlet '': initialization completed in 21 ms
2017-08-22 23:19:46.200  INFO 27414 --- [main] c.t.m.b.c.BusyFlightsControllerTest      : Started BusyFlightsControllerTest in 3.981 seconds (JVM running for 5.758)
2017-08-22 23:19:46.649  INFO 27414 --- [Thread-2] o.s.w.c.s.GenericWebApplicationContext   : Closing org.springframework.web.context.support.GenericWebApplicationContext@32ee6fee: startup date [Tue Aug 22 23:19:43 CEST 2017]; root of context hierarchy
2017-08-22 23:20:45.154  INFO 27421 --- [main] c.t.m.b.c.BusyFlightsControllerTest      : Starting BusyFlightsControllerTest on Macbook-Darya.local with PID 27421 (started by daryagolub in /Users/daryagolub/Documents/code/Idea_source/interview-test)
2017-08-22 23:20:45.156  INFO 27421 --- [main] c.t.m.b.c.BusyFlightsControllerTest      : No active profile set, falling back to default profiles: default
2017-08-22 23:20:45.246  INFO 27421 --- [main] o.s.w.c.s.GenericWebApplicationContext   : Refreshing org.springframework.web.context.support.GenericWebApplicationContext@32ee6fee: startup date [Tue Aug 22 23:20:45 CEST 2017]; root of context hierarchy
2017-08-22 23:20:48.020  INFO 27421 --- [main] s.w.s.m.m.a.RequestMappingHandlerAdapter : Looking for @ControllerAdvice: org.springframework.web.context.support.GenericWebApplicationContext@32ee6fee: startup date [Tue Aug 22 23:20:45 CEST 2017]; root of context hierarchy
2017-08-22 23:20:48.132  INFO 27421 --- [main] s.w.s.m.m.a.RequestMappingHandlerMapping : Mapped "{[/searchFlights],methods=[POST],consumes=[application/json],produces=[application/json]}" onto public java.util.List<com.travix.medusa.busyflights.domain.busyflights.BusyFlightsResponse> com.travix.medusa.busyflights.controller.BusyFlightsController.searchFlight(com.travix.medusa.busyflights.domain.busyflights.BusyFlightsRequest)
2017-08-22 23:20:48.139  INFO 27421 --- [main] s.w.s.m.m.a.RequestMappingHandlerMapping : Mapped "{[/crazyair],methods=[POST],consumes=[application/json],produces=[application/json]}" onto public java.util.List<com.travix.medusa.busyflights.domain.crazyair.CrazyAirResponse> com.travix.medusa.busyflights.controller.SuppliersController.getCrazyAirFlights(com.travix.medusa.busyflights.domain.crazyair.CrazyAirRequest)
2017-08-22 23:20:48.140  INFO 27421 --- [main] s.w.s.m.m.a.RequestMappingHandlerMapping : Mapped "{[/toughjet],methods=[POST],consumes=[application/json],produces=[application/json]}" onto public java.util.List<com.travix.medusa.busyflights.domain.toughjet.ToughJetResponse> com.travix.medusa.busyflights.controller.SuppliersController.getToughJetFlights(com.travix.medusa.busyflights.domain.toughjet.ToughJetRequest)
2017-08-22 23:20:48.144  INFO 27421 --- [main] s.w.s.m.m.a.RequestMappingHandlerMapping : Mapped "{[/error]}" onto public org.springframework.http.ResponseEntity<java.util.Map<java.lang.String, java.lang.Object>> org.springframework.boot.autoconfigure.web.BasicErrorController.error(javax.servlet.http.HttpServletRequest)
2017-08-22 23:20:48.144  INFO 27421 --- [main] s.w.s.m.m.a.RequestMappingHandlerMapping : Mapped "{[/error],produces=[text/html]}" onto public org.springframework.web.servlet.ModelAndView org.springframework.boot.autoconfigure.web.BasicErrorController.errorHtml(javax.servlet.http.HttpServletRequest,javax.servlet.http.HttpServletResponse)
2017-08-22 23:20:48.212  INFO 27421 --- [main] o.s.w.s.handler.SimpleUrlHandlerMapping  : Mapped URL path [/webjars/**] onto handler of type [class org.springframework.web.servlet.resource.ResourceHttpRequestHandler]
2017-08-22 23:20:48.213  INFO 27421 --- [main] o.s.w.s.handler.SimpleUrlHandlerMapping  : Mapped URL path [/**] onto handler of type [class org.springframework.web.servlet.resource.ResourceHttpRequestHandler]
2017-08-22 23:20:48.304  INFO 27421 --- [main] o.s.w.s.handler.SimpleUrlHandlerMapping  : Mapped URL path [/**/favicon.ico] onto handler of type [class org.springframework.web.servlet.resource.ResourceHttpRequestHandler]
2017-08-22 23:20:48.534  INFO 27421 --- [main] o.s.b.t.m.w.SpringBootMockServletContext : Initializing Spring FrameworkServlet ''
2017-08-22 23:20:48.534  INFO 27421 --- [main] o.s.t.web.servlet.TestDispatcherServlet  : FrameworkServlet '': initialization started
2017-08-22 23:20:48.559  INFO 27421 --- [main] o.s.t.web.servlet.TestDispatcherServlet  : FrameworkServlet '': initialization completed in 25 ms
2017-08-22 23:20:48.854  INFO 27421 --- [main] c.t.m.b.c.BusyFlightsControllerTest      : Started BusyFlightsControllerTest in 4.874 seconds (JVM running for 7.263)
2017-08-22 23:20:49.301  INFO 27421 --- [Thread-2] o.s.w.c.s.GenericWebApplicationContext   : Closing org.springframework.web.context.support.GenericWebApplicationContext@32ee6fee: startup date [Tue Aug 22 23:20:45 CEST 2017]; root of context hierarchy
2017-08-22 23:21:46.076  INFO 27425 --- [main] c.t.m.b.c.BusyFlightsControllerTest      : Starting BusyFlightsControllerTest on Macbook-Darya.local with PID 27425 (started by daryagolub in /Users/daryagolub/Documents/code/Idea_source/interview-test)
2017-08-22 23:21:46.078  INFO 27425 --- [main] c.t.m.b.c.BusyFlightsControllerTest      : No active profile set, falling back to default profiles: default
2017-08-22 23:21:46.118  INFO 27425 --- [main] o.s.w.c.s.GenericWebApplicationContext   : Refreshing org.springframework.web.context.support.GenericWebApplicationContext@4d0f2471: startup date [Tue Aug 22 23:21:46 CEST 2017]; root of context hierarchy
2017-08-22 23:21:48.588  INFO 27425 --- [main] s.w.s.m.m.a.RequestMappingHandlerAdapter : Looking for @ControllerAdvice: org.springframework.web.context.support.GenericWebApplicationContext@4d0f2471: startup date [Tue Aug 22 23:21:46 CEST 2017]; root of context hierarchy
2017-08-22 23:21:48.711  INFO 27425 --- [main] s.w.s.m.m.a.RequestMappingHandlerMapping : Mapped "{[/searchFlights],methods=[POST],consumes=[application/json],produces=[application/json]}" onto public java.util.List<com.travix.medusa.busyflights.domain.busyflights.BusyFlightsResponse> com.travix.medusa.busyflights.controller.BusyFlightsController.searchFlight(com.travix.medusa.busyflights.domain.busyflights.BusyFlightsRequest)
2017-08-22 23:21:48.714  INFO 27425 --- [main] s.w.s.m.m.a.RequestMappingHandlerMapping : Mapped "{[/toughjet],methods=[POST],consumes=[application/json],produces=[application/json]}" onto public java.util.List<com.travix.medusa.busyflights.domain.toughjet.ToughJetResponse> com.travix.medusa.busyflights.controller.SuppliersController.getToughJetFlights(com.travix.medusa.busyflights.domain.toughjet.ToughJetRequest)
2017-08-22 23:21:48.715  INFO 27425 --- [main] s.w.s.m.m.a.RequestMappingHandlerMapping : Mapped "{[/crazyair],methods=[POST],consumes=[application/json],produces=[application/json]}" onto public java.util.List<com.travix.medusa.busyflights.domain.crazyair.CrazyAirResponse> com.travix.medusa.busyflights.controller.SuppliersController.getCrazyAirFlights(com.travix.medusa.busyflights.domain.crazyair.CrazyAirRequest)
2017-08-22 23:21:48.718  INFO 27425 --- [main] s.w.s.m.m.a.RequestMappingHandlerMapping : Mapped "{[/error]}" onto public org.springframework.http.ResponseEntity<java.util.Map<java.lang.String, java.lang.Object>> org.springframework.boot.autoconfigure.web.BasicErrorController.error(javax.servlet.http.HttpServletRequest)
2017-08-22 23:21:48.719  INFO 27425 --- [main] s.w.s.m.m.a.RequestMappingHandlerMapping : Mapped "{[/error],produces=[text/html]}" onto public org.springframework.web.servlet.ModelAndView org.springframework.boot.autoconfigure.web.BasicErrorController.errorHtml(javax.servlet.http.HttpServletRequest,javax.servlet.http.HttpServletResponse)
2017-08-22 23:21:48.783  INFO 27425 --- [main] o.s.w.s.handler.SimpleUrlHandlerMapping  : Mapped URL path [/webjars/**] onto handler of type [class org.springframework.web.servlet.resource.ResourceHttpRequestHandler]
2017-08-22 23:21:48.784  INFO 27425 --- [main] o.s.w.s.handler.SimpleUrlHandlerMapping  : Mapped URL path [/**] onto handler of type [class org.springframework.web.servlet.resource.ResourceHttpRequestHandler]
2017-08-22 23:21:48.863  INFO 27425 --- [main] o.s.w.s.handler.SimpleUrlHandlerMapping  : Mapped URL path [/**/favicon.ico] onto handler of type [class org.springframework.web.servlet.resource.ResourceHttpRequestHandler]
2017-08-22 23:21:49.063  INFO 27425 --- [main] o.s.b.t.m.w.SpringBootMockServletContext : Initializing Spring FrameworkServlet ''
2017-08-22 23:21:49.063  INFO 27425 --- [main] o.s.t.web.servlet.TestDispatcherServlet  : FrameworkServlet '': initialization started
2017-08-22 23:21:49.103  INFO 27425 --- [main] o.s.t.web.servlet.TestDispatcherServlet  : FrameworkServlet '': initialization completed in 38 ms
2017-08-22 23:21:49.207  INFO 27425 --- [main] c.t.m.b.c.BusyFlightsControllerTest      : Started BusyFlightsControllerTest in 4.356 seconds (JVM running for 6.107)
2017-08-22 23:21:49.663  INFO 27425 --- [Thread-2] o.s.w.c.s.GenericWebApplicationContext   : Closing org.springframework.web.context.support.GenericWebApplicationContext@4d0f2471: startup date [Tue Aug 22 23:21:46 CEST 2017]; root of context hierarchy
2017-08-22 23:22:46.684  INFO 27430 --- [main] c.t.m.b.c.BusyFlightsControllerTest      : Starting BusyFlightsControllerTest on Macbook-Darya.local with PID 27430 (started by daryagolub in /Users/daryagolub/Documents/code/Idea_source/interview-test)
2017-08-22 23:22:46.686  INFO 27430 --- [main] c.t.m.b.c.BusyFlightsControllerTest      : No active profile set, falling back to default profiles: default
2017-08-22 23:22:46.769  INFO 27430 --- [main] o.s.w.c.s.GenericWebApplicationContext   : Refreshing org.springframework.web.context.support.GenericWebApplicationContext@4d0f2471: startup date [Tue Aug 22 23:22:46 CEST 2017]; root of context hierarchy
2017-08-22 23:22:49.726  INFO 27430 --- [main] s.w.s.m.m.a.RequestMappingHandlerAdapter : Looking for @ControllerAdvice: org.springframework.web.context.support.GenericWebApplicationContext@4d0f2471: startup date [Tue Aug 22 23:22:46 CEST 2017]; root of context hierarchy
2017-08-22 23:22:49.840  INFO 27430 --- [main] s.w.s.m.m.a.RequestMappingHandlerMapping : Mapped "{[/searchFlights],methods=[POST],consumes=[application/json],produces=[application/json]}" onto public java.util.List<com.travix.medusa.busyflights.domain.busyflights.BusyFlightsResponse> com.travix.medusa.busyflights.controller.BusyFlightsController.searchFlight(com.travix.medusa.busyflights.domain.busyflights.BusyFlightsRequest)
2017-08-22 23:22:49.842  INFO 27430 --- [main] s.w.s.m.m.a.RequestMappingHandlerMapping : Mapped "{[/toughjet],methods=[POST],consumes=[application/json],produces=[application/json]}" onto public java.util.List<com.travix.medusa.busyflights.domain.toughjet.ToughJetResponse> com.travix.medusa.busyflights.controller.SuppliersController.getToughJetFlights(com.travix.medusa.busyflights.domain.toughjet.ToughJetRequest)
2017-08-22 23:22:49.843  INFO 27430 --- [main] s.w.s.m.m.a.RequestMappingHandlerMapping : Mapped "{[/crazyair],methods=[POST],consumes=[application/json],produces=[application/json]}" onto public java.util.List<com.travix.medusa.busyflights.domain.crazyair.CrazyAirResponse> com.travix.medusa.busyflights.controller.SuppliersController.getCrazyAirFlights(com.travix.medusa.busyflights.domain.crazyair.CrazyAirRequest)
2017-08-22 23:22:49.847  INFO 27430 --- [main] s.w.s.m.m.a.RequestMappingHandlerMapping : Mapped "{[/error]}" onto public org.springframework.http.ResponseEntity<java.util.Map<java.lang.String, java.lang.Object>> org.springframework.boot.autoconfigure.web.BasicErrorController.error(javax.servlet.http.HttpServletRequest)
2017-08-22 23:22:49.848  INFO 27430 --- [main] s.w.s.m.m.a.RequestMappingHandlerMapping : Mapped "{[/error],produces=[text/html]}" onto public org.springframework.web.servlet.ModelAndView org.springframework.boot.autoconfigure.web.BasicErrorController.errorHtml(javax.servlet.http.HttpServletRequest,javax.servlet.http.HttpServletResponse)
2017-08-22 23:22:49.901  INFO 27430 --- [main] o.s.w.s.handler.SimpleUrlHandlerMapping  : Mapped URL path [/webjars/**] onto handler of type [class org.springframework.web.servlet.resource.ResourceHttpRequestHandler]
2017-08-22 23:22:49.901  INFO 27430 --- [main] o.s.w.s.handler.SimpleUrlHandlerMapping  : Mapped URL path [/**] onto handler of type [class org.springframework.web.servlet.resource.ResourceHttpRequestHandler]
2017-08-22 23:22:49.986  INFO 27430 --- [main] o.s.w.s.handler.SimpleUrlHandlerMapping  : Mapped URL path [/**/favicon.ico] onto handler of type [class org.springframework.web.servlet.resource.ResourceHttpRequestHandler]
2017-08-22 23:22:50.180  INFO 27430 --- [main] o.s.b.t.m.w.SpringBootMockServletContext : Initializing Spring FrameworkServlet ''
2017-08-22 23:22:50.180  INFO 27430 --- [main] o.s.t.web.servlet.TestDispatcherServlet  : FrameworkServlet '': initialization started
2017-08-22 23:22:50.208  INFO 27430 --- [main] o.s.t.web.servlet.TestDispatcherServlet  : FrameworkServlet '': initialization completed in 28 ms
2017-08-22 23:22:50.317  INFO 27430 --- [main] c.t.m.b.c.BusyFlightsControllerTest      : Started BusyFlightsControllerTest in 4.594 seconds (JVM running for 6.287)
2017-08-22 23:22:50.694  INFO 27430 --- [Thread-2] o.s.w.c.s.GenericWebApplicationContext   : Closing org.springframework.web.context.support.GenericWebApplicationContext@4d0f2471: startup date [Tue Aug 22 23:22:46 CEST 2017]; root of context hierarchy
2017-08-22 23:23:38.897  INFO 27432 --- [main] c.t.m.b.c.BusyFlightsControllerTest      : Starting BusyFlightsControllerTest on Macbook-Darya.local with PID 27432 (started by daryagolub in /Users/daryagolub/Documents/code/Idea_source/interview-test)
2017-08-22 23:23:38.900  INFO 27432 --- [main] c.t.m.b.c.BusyFlightsControllerTest      : No active profile set, falling back to default profiles: default
2017-08-22 23:23:39.011  INFO 27432 --- [main] o.s.w.c.s.GenericWebApplicationContext   : Refreshing org.springframework.web.context.support.GenericWebApplicationContext@4d0f2471: startup date [Tue Aug 22 23:23:39 CEST 2017]; root of context hierarchy
2017-08-22 23:23:41.413  INFO 27432 --- [main] s.w.s.m.m.a.RequestMappingHandlerAdapter : Looking for @ControllerAdvice: org.springframework.web.context.support.GenericWebApplicationContext@4d0f2471: startup date [Tue Aug 22 23:23:39 CEST 2017]; root of context hierarchy
2017-08-22 23:23:41.531  INFO 27432 --- [main] s.w.s.m.m.a.RequestMappingHandlerMapping : Mapped "{[/searchFlights],methods=[POST],consumes=[application/json],produces=[application/json]}" onto public java.util.List<com.travix.medusa.busyflights.domain.busyflights.BusyFlightsResponse> com.travix.medusa.busyflights.controller.BusyFlightsController.searchFlight(com.travix.medusa.busyflights.domain.busyflights.BusyFlightsRequest)
2017-08-22 23:23:41.537  INFO 27432 --- [main] s.w.s.m.m.a.RequestMappingHandlerMapping : Mapped "{[/toughjet],methods=[POST],consumes=[application/json],produces=[application/json]}" onto public java.util.List<com.travix.medusa.busyflights.domain.toughjet.ToughJetResponse> com.travix.medusa.busyflights.controller.SuppliersController.getToughJetFlights(com.travix.medusa.busyflights.domain.toughjet.ToughJetRequest)
2017-08-22 23:23:41.538  INFO 27432 --- [main] s.w.s.m.m.a.RequestMappingHandlerMapping : Mapped "{[/crazyair],methods=[POST],consumes=[application/json],produces=[application/json]}" onto public java.util.List<com.travix.medusa.busyflights.domain.crazyair.CrazyAirResponse> com.travix.medusa.busyflights.controller.SuppliersController.getCrazyAirFlights(com.travix.medusa.busyflights.domain.crazyair.CrazyAirRequest)
2017-08-22 23:23:41.543  INFO 27432 --- [main] s.w.s.m.m.a.RequestMappingHandlerMapping : Mapped "{[/error]}" onto public org.springframework.http.ResponseEntity<java.util.Map<java.lang.String, java.lang.Object>> org.springframework.boot.autoconfigure.web.BasicErrorController.error(javax.servlet.http.HttpServletRequest)
2017-08-22 23:23:41.544  INFO 27432 --- [main] s.w.s.m.m.a.RequestMappingHandlerMapping : Mapped "{[/error],produces=[text/html]}" onto public org.springframework.web.servlet.ModelAndView org.springframework.boot.autoconfigure.web.BasicErrorController.errorHtml(javax.servlet.http.HttpServletRequest,javax.servlet.http.HttpServletResponse)
2017-08-22 23:23:41.595  INFO 27432 --- [main] o.s.w.s.handler.SimpleUrlHandlerMapping  : Mapped URL path [/webjars/**] onto handler of type [class org.springframework.web.servlet.resource.ResourceHttpRequestHandler]
2017-08-22 23:23:41.595  INFO 27432 --- [main] o.s.w.s.handler.SimpleUrlHandlerMapping  : Mapped URL path [/**] onto handler of type [class org.springframework.web.servlet.resource.ResourceHttpRequestHandler]
2017-08-22 23:23:41.670  INFO 27432 --- [main] o.s.w.s.handler.SimpleUrlHandlerMapping  : Mapped URL path [/**/favicon.ico] onto handler of type [class org.springframework.web.servlet.resource.ResourceHttpRequestHandler]
2017-08-22 23:23:41.855  INFO 27432 --- [main] o.s.b.t.m.w.SpringBootMockServletContext : Initializing Spring FrameworkServlet ''
2017-08-22 23:23:41.856  INFO 27432 --- [main] o.s.t.web.servlet.TestDispatcherServlet  : FrameworkServlet '': initialization started
2017-08-22 23:23:41.876  INFO 27432 --- [main] o.s.t.web.servlet.TestDispatcherServlet  : FrameworkServlet '': initialization completed in 19 ms
2017-08-22 23:23:41.985  INFO 27432 --- [main] c.t.m.b.c.BusyFlightsControllerTest      : Started BusyFlightsControllerTest in 3.955 seconds (JVM running for 5.963)
2017-08-22 23:23:42.344  INFO 27432 --- [Thread-2] o.s.w.c.s.GenericWebApplicationContext   : Closing org.springframework.web.context.support.GenericWebApplicationContext@4d0f2471: startup date [Tue Aug 22 23:23:39 CEST 2017]; root of context hierarchy
2017-08-22 23:23:51.173  INFO 27437 --- [main] c.t.m.b.c.BusyFlightsControllerTest      : Starting BusyFlightsControllerTest on Macbook-Darya.local with PID 27437 (started by daryagolub in /Users/daryagolub/Documents/code/Idea_source/interview-test)
2017-08-22 23:23:51.176  INFO 27437 --- [main] c.t.m.b.c.BusyFlightsControllerTest      : No active profile set, falling back to default profiles: default
2017-08-22 23:23:51.281  INFO 27437 --- [main] o.s.w.c.s.GenericWebApplicationContext   : Refreshing org.springframework.web.context.support.GenericWebApplicationContext@4d0f2471: startup date [Tue Aug 22 23:23:51 CEST 2017]; root of context hierarchy
2017-08-22 23:23:53.883  INFO 27437 --- [main] s.w.s.m.m.a.RequestMappingHandlerAdapter : Looking for @ControllerAdvice: org.springframework.web.context.support.GenericWebApplicationContext@4d0f2471: startup date [Tue Aug 22 23:23:51 CEST 2017]; root of context hierarchy
2017-08-22 23:23:54.047  INFO 27437 --- [main] s.w.s.m.m.a.RequestMappingHandlerMapping : Mapped "{[/searchFlights],methods=[POST],consumes=[application/json],produces=[application/json]}" onto public java.util.List<com.travix.medusa.busyflights.domain.busyflights.BusyFlightsResponse> com.travix.medusa.busyflights.controller.BusyFlightsController.searchFlight(com.travix.medusa.busyflights.domain.busyflights.BusyFlightsRequest)
2017-08-22 23:23:54.054  INFO 27437 --- [main] s.w.s.m.m.a.RequestMappingHandlerMapping : Mapped "{[/toughjet],methods=[POST],consumes=[application/json],produces=[application/json]}" onto public java.util.List<com.travix.medusa.busyflights.domain.toughjet.ToughJetResponse> com.travix.medusa.busyflights.controller.SuppliersController.getToughJetFlights(com.travix.medusa.busyflights.domain.toughjet.ToughJetRequest)
2017-08-22 23:23:54.056  INFO 27437 --- [main] s.w.s.m.m.a.RequestMappingHandlerMapping : Mapped "{[/crazyair],methods=[POST],consumes=[application/json],produces=[application/json]}" onto public java.util.List<com.travix.medusa.busyflights.domain.crazyair.CrazyAirResponse> com.travix.medusa.busyflights.controller.SuppliersController.getCrazyAirFlights(com.travix.medusa.busyflights.domain.crazyair.CrazyAirRequest)
2017-08-22 23:23:54.071  INFO 27437 --- [main] s.w.s.m.m.a.RequestMappingHandlerMapping : Mapped "{[/error]}" onto public org.springframework.http.ResponseEntity<java.util.Map<java.lang.String, java.lang.Object>> org.springframework.boot.autoconfigure.web.BasicErrorController.error(javax.servlet.http.HttpServletRequest)
2017-08-22 23:23:54.072  INFO 27437 --- [main] s.w.s.m.m.a.RequestMappingHandlerMapping : Mapped "{[/error],produces=[text/html]}" onto public org.springframework.web.servlet.ModelAndView org.springframework.boot.autoconfigure.web.BasicErrorController.errorHtml(javax.servlet.http.HttpServletRequest,javax.servlet.http.HttpServletResponse)
2017-08-22 23:23:54.187  INFO 27437 --- [main] o.s.w.s.handler.SimpleUrlHandlerMapping  : Mapped URL path [/webjars/**] onto handler of type [class org.springframework.web.servlet.resource.ResourceHttpRequestHandler]
2017-08-22 23:23:54.188  INFO 27437 --- [main] o.s.w.s.handler.SimpleUrlHandlerMapping  : Mapped URL path [/**] onto handler of type [class org.springframework.web.servlet.resource.ResourceHttpRequestHandler]
2017-08-22 23:23:54.261  INFO 27437 --- [main] o.s.w.s.handler.SimpleUrlHandlerMapping  : Mapped URL path [/**/favicon.ico] onto handler of type [class org.springframework.web.servlet.resource.ResourceHttpRequestHandler]
2017-08-22 23:23:54.444  INFO 27437 --- [main] o.s.b.t.m.w.SpringBootMockServletContext : Initializing Spring FrameworkServlet ''
2017-08-22 23:23:54.445  INFO 27437 --- [main] o.s.t.web.servlet.TestDispatcherServlet  : FrameworkServlet '': initialization started
2017-08-22 23:23:54.465  INFO 27437 --- [main] o.s.t.web.servlet.TestDispatcherServlet  : FrameworkServlet '': initialization completed in 20 ms
2017-08-22 23:23:54.582  INFO 27437 --- [main] c.t.m.b.c.BusyFlightsControllerTest      : Started BusyFlightsControllerTest in 4.379 seconds (JVM running for 6.478)
2017-08-22 23:23:54.988  INFO 27437 --- [Thread-2] o.s.w.c.s.GenericWebApplicationContext   : Closing org.springframework.web.context.support.GenericWebApplicationContext@4d0f2471: startup date [Tue Aug 22 23:23:51 CEST 2017]; root of context hierarchy
2017-08-22 23:24:13.856  INFO 27440 --- [main] c.t.m.b.c.BusyFlightsControllerTest      : Starting BusyFlightsControllerTest on Macbook-Darya.local with PID 27440 (started by daryagolub in /Users/daryagolub/Documents/code/Idea_source/interview-test)
2017-08-22 23:24:13.860  INFO 27440 --- [main] c.t.m.b.c.BusyFlightsControllerTest      : No active profile set, falling back to default profiles: default
2017-08-22 23:24:13.917  INFO 27440 --- [main] o.s.w.c.s.GenericWebApplicationContext   : Refreshing org.springframework.web.context.support.GenericWebApplicationContext@4d0f2471: startup date [Tue Aug 22 23:24:13 CEST 2017]; root of context hierarchy
2017-08-22 23:24:16.216  INFO 27440 --- [main] s.w.s.m.m.a.RequestMappingHandlerAdapter : Looking for @ControllerAdvice: org.springframework.web.context.support.GenericWebApplicationContext@4d0f2471: startup date [Tue Aug 22 23:24:13 CEST 2017]; root of context hierarchy
2017-08-22 23:24:16.341  INFO 27440 --- [main] s.w.s.m.m.a.RequestMappingHandlerMapping : Mapped "{[/searchFlights],methods=[POST],consumes=[application/json],produces=[application/json]}" onto public java.util.List<com.travix.medusa.busyflights.domain.busyflights.BusyFlightsResponse> com.travix.medusa.busyflights.controller.BusyFlightsController.searchFlight(com.travix.medusa.busyflights.domain.busyflights.BusyFlightsRequest)
2017-08-22 23:24:16.344  INFO 27440 --- [main] s.w.s.m.m.a.RequestMappingHandlerMapping : Mapped "{[/toughjet],methods=[POST],consumes=[application/json],produces=[application/json]}" onto public java.util.List<com.travix.medusa.busyflights.domain.toughjet.ToughJetResponse> com.travix.medusa.busyflights.controller.SuppliersController.getToughJetFlights(com.travix.medusa.busyflights.domain.toughjet.ToughJetRequest)
2017-08-22 23:24:16.344  INFO 27440 --- [main] s.w.s.m.m.a.RequestMappingHandlerMapping : Mapped "{[/crazyair],methods=[POST],consumes=[application/json],produces=[application/json]}" onto public java.util.List<com.travix.medusa.busyflights.domain.crazyair.CrazyAirResponse> com.travix.medusa.busyflights.controller.SuppliersController.getCrazyAirFlights(com.travix.medusa.busyflights.domain.crazyair.CrazyAirRequest)
2017-08-22 23:24:16.348  INFO 27440 --- [main] s.w.s.m.m.a.RequestMappingHandlerMapping : Mapped "{[/error]}" onto public org.springframework.http.ResponseEntity<java.util.Map<java.lang.String, java.lang.Object>> org.springframework.boot.autoconfigure.web.BasicErrorController.error(javax.servlet.http.HttpServletRequest)
2017-08-22 23:24:16.349  INFO 27440 --- [main] s.w.s.m.m.a.RequestMappingHandlerMapping : Mapped "{[/error],produces=[text/html]}" onto public org.springframework.web.servlet.ModelAndView org.springframework.boot.autoconfigure.web.BasicErrorController.errorHtml(javax.servlet.http.HttpServletRequest,javax.servlet.http.HttpServletResponse)
2017-08-22 23:24:16.411  INFO 27440 --- [main] o.s.w.s.handler.SimpleUrlHandlerMapping  : Mapped URL path [/webjars/**] onto handler of type [class org.springframework.web.servlet.resource.ResourceHttpRequestHandler]
2017-08-22 23:24:16.411  INFO 27440 --- [main] o.s.w.s.handler.SimpleUrlHandlerMapping  : Mapped URL path [/**] onto handler of type [class org.springframework.web.servlet.resource.ResourceHttpRequestHandler]
2017-08-22 23:24:16.512  INFO 27440 --- [main] o.s.w.s.handler.SimpleUrlHandlerMapping  : Mapped URL path [/**/favicon.ico] onto handler of type [class org.springframework.web.servlet.resource.ResourceHttpRequestHandler]
2017-08-22 23:24:16.683  INFO 27440 --- [main] o.s.b.t.m.w.SpringBootMockServletContext : Initializing Spring FrameworkServlet ''
2017-08-22 23:24:16.684  INFO 27440 --- [main] o.s.t.web.servlet.TestDispatcherServlet  : FrameworkServlet '': initialization started
2017-08-22 23:24:16.707  INFO 27440 --- [main] o.s.t.web.servlet.TestDispatcherServlet  : FrameworkServlet '': initialization completed in 23 ms
2017-08-22 23:24:16.829  INFO 27440 --- [main] c.t.m.b.c.BusyFlightsControllerTest      : Started BusyFlightsControllerTest in 4.214 seconds (JVM running for 6.44)
2017-08-22 23:24:17.144  INFO 27440 --- [Thread-2] o.s.w.c.s.GenericWebApplicationContext   : Closing org.springframework.web.context.support.GenericWebApplicationContext@4d0f2471: startup date [Tue Aug 22 23:24:13 CEST 2017]; root of context hierarchy
2017-08-22 23:24:29.350  INFO 27445 --- [main] c.t.m.b.c.BusyFlightsControllerTest      : Starting BusyFlightsControllerTest on Macbook-Darya.local with PID 27445 (started by daryagolub in /Users/daryagolub/Documents/code/Idea_source/interview-test)
2017-08-22 23:24:29.359  INFO 27445 --- [main] c.t.m.b.c.BusyFlightsControllerTest      : No active profile set, falling back to default profiles: default
2017-08-22 23:24:29.407  INFO 27445 --- [main] o.s.w.c.s.GenericWebApplicationContext   : Refreshing org.springframework.web.context.support.GenericWebApplicationContext@4d0f2471: startup date [Tue Aug 22 23:24:29 CEST 2017]; root of context hierarchy
2017-08-22 23:24:31.805  INFO 27445 --- [main] s.w.s.m.m.a.RequestMappingHandlerAdapter : Looking for @ControllerAdvice: org.springframework.web.context.support.GenericWebApplicationContext@4d0f2471: startup date [Tue Aug 22 23:24:29 CEST 2017]; root of context hierarchy
2017-08-22 23:24:31.924  INFO 27445 --- [main] s.w.s.m.m.a.RequestMappingHandlerMapping : Mapped "{[/searchFlights],methods=[POST],consumes=[application/json],produces=[application/json]}" onto public java.util.List<com.travix.medusa.busyflights.domain.busyflights.BusyFlightsResponse> com.travix.medusa.busyflights.controller.BusyFlightsController.searchFlight(com.travix.medusa.busyflights.domain.busyflights.BusyFlightsRequest)
2017-08-22 23:24:31.927  INFO 27445 --- [main] s.w.s.m.m.a.RequestMappingHandlerMapping : Mapped "{[/toughjet],methods=[POST],consumes=[application/json],produces=[application/json]}" onto public java.util.List<com.travix.medusa.busyflights.domain.toughjet.ToughJetResponse> com.travix.medusa.busyflights.controller.SuppliersController.getToughJetFlights(com.travix.medusa.busyflights.domain.toughjet.ToughJetRequest)
2017-08-22 23:24:31.928  INFO 27445 --- [main] s.w.s.m.m.a.RequestMappingHandlerMapping : Mapped "{[/crazyair],methods=[POST],consumes=[application/json],produces=[application/json]}" onto public java.util.List<com.travix.medusa.busyflights.domain.crazyair.CrazyAirResponse> com.travix.medusa.busyflights.controller.SuppliersController.getCrazyAirFlights(com.travix.medusa.busyflights.domain.crazyair.CrazyAirRequest)
2017-08-22 23:24:31.932  INFO 27445 --- [main] s.w.s.m.m.a.RequestMappingHandlerMapping : Mapped "{[/error]}" onto public org.springframework.http.ResponseEntity<java.util.Map<java.lang.String, java.lang.Object>> org.springframework.boot.autoconfigure.web.BasicErrorController.error(javax.servlet.http.HttpServletRequest)
2017-08-22 23:24:31.933  INFO 27445 --- [main] s.w.s.m.m.a.RequestMappingHandlerMapping : Mapped "{[/error],produces=[text/html]}" onto public org.springframework.web.servlet.ModelAndView org.springframework.boot.autoconfigure.web.BasicErrorController.errorHtml(javax.servlet.http.HttpServletRequest,javax.servlet.http.HttpServletResponse)
2017-08-22 23:24:31.997  INFO 27445 --- [main] o.s.w.s.handler.SimpleUrlHandlerMapping  : Mapped URL path [/webjars/**] onto handler of type [class org.springframework.web.servlet.resource.ResourceHttpRequestHandler]
2017-08-22 23:24:31.997  INFO 27445 --- [main] o.s.w.s.handler.SimpleUrlHandlerMapping  : Mapped URL path [/**] onto handler of type [class org.springframework.web.servlet.resource.ResourceHttpRequestHandler]
2017-08-22 23:24:32.077  INFO 27445 --- [main] o.s.w.s.handler.SimpleUrlHandlerMapping  : Mapped URL path [/**/favicon.ico] onto handler of type [class org.springframework.web.servlet.resource.ResourceHttpRequestHandler]
2017-08-22 23:24:32.255  INFO 27445 --- [main] o.s.b.t.m.w.SpringBootMockServletContext : Initializing Spring FrameworkServlet ''
2017-08-22 23:24:32.255  INFO 27445 --- [main] o.s.t.web.servlet.TestDispatcherServlet  : FrameworkServlet '': initialization started
2017-08-22 23:24:32.277  INFO 27445 --- [main] o.s.t.web.servlet.TestDispatcherServlet  : FrameworkServlet '': initialization completed in 22 ms
2017-08-22 23:24:32.396  INFO 27445 --- [main] c.t.m.b.c.BusyFlightsControllerTest      : Started BusyFlightsControllerTest in 3.889 seconds (JVM running for 5.506)
2017-08-22 23:24:32.824  INFO 27445 --- [Thread-2] o.s.w.c.s.GenericWebApplicationContext   : Closing org.springframework.web.context.support.GenericWebApplicationContext@4d0f2471: startup date [Tue Aug 22 23:24:29 CEST 2017]; root of context hierarchy
2017-08-22 23:24:47.556  INFO 27449 --- [main] c.t.m.b.c.BusyFlightsControllerTest      : Starting BusyFlightsControllerTest on Macbook-Darya.local with PID 27449 (started by daryagolub in /Users/daryagolub/Documents/code/Idea_source/interview-test)
2017-08-22 23:24:47.559  INFO 27449 --- [main] c.t.m.b.c.BusyFlightsControllerTest      : No active profile set, falling back to default profiles: default
2017-08-22 23:24:47.650  INFO 27449 --- [main] o.s.w.c.s.GenericWebApplicationContext   : Refreshing org.springframework.web.context.support.GenericWebApplicationContext@4d0f2471: startup date [Tue Aug 22 23:24:47 CEST 2017]; root of context hierarchy
2017-08-22 23:24:50.152  INFO 27449 --- [main] s.w.s.m.m.a.RequestMappingHandlerAdapter : Looking for @ControllerAdvice: org.springframework.web.context.support.GenericWebApplicationContext@4d0f2471: startup date [Tue Aug 22 23:24:47 CEST 2017]; root of context hierarchy
2017-08-22 23:24:50.255  INFO 27449 --- [main] s.w.s.m.m.a.RequestMappingHandlerMapping : Mapped "{[/searchFlights],methods=[POST],consumes=[application/json],produces=[application/json]}" onto public java.util.List<com.travix.medusa.busyflights.domain.busyflights.BusyFlightsResponse> com.travix.medusa.busyflights.controller.BusyFlightsController.searchFlight(com.travix.medusa.busyflights.domain.busyflights.BusyFlightsRequest)
2017-08-22 23:24:50.258  INFO 27449 --- [main] s.w.s.m.m.a.RequestMappingHandlerMapping : Mapped "{[/toughjet],methods=[POST],consumes=[application/json],produces=[application/json]}" onto public java.util.List<com.travix.medusa.busyflights.domain.toughjet.ToughJetResponse> com.travix.medusa.busyflights.controller.SuppliersController.getToughJetFlights(com.travix.medusa.busyflights.domain.toughjet.ToughJetRequest)
2017-08-22 23:24:50.259  INFO 27449 --- [main] s.w.s.m.m.a.RequestMappingHandlerMapping : Mapped "{[/crazyair],methods=[POST],consumes=[application/json],produces=[application/json]}" onto public java.util.List<com.travix.medusa.busyflights.domain.crazyair.CrazyAirResponse> com.travix.medusa.busyflights.controller.SuppliersController.getCrazyAirFlights(com.travix.medusa.busyflights.domain.crazyair.CrazyAirRequest)
2017-08-22 23:24:50.262  INFO 27449 --- [main] s.w.s.m.m.a.RequestMappingHandlerMapping : Mapped "{[/error]}" onto public org.springframework.http.ResponseEntity<java.util.Map<java.lang.String, java.lang.Object>> org.springframework.boot.autoconfigure.web.BasicErrorController.error(javax.servlet.http.HttpServletRequest)
2017-08-22 23:24:50.263  INFO 27449 --- [main] s.w.s.m.m.a.RequestMappingHandlerMapping : Mapped "{[/error],produces=[text/html]}" onto public org.springframework.web.servlet.ModelAndView org.springframework.boot.autoconfigure.web.BasicErrorController.errorHtml(javax.servlet.http.HttpServletRequest,javax.servlet.http.HttpServletResponse)
2017-08-22 23:24:50.315  INFO 27449 --- [main] o.s.w.s.handler.SimpleUrlHandlerMapping  : Mapped URL path [/webjars/**] onto handler of type [class org.springframework.web.servlet.resource.ResourceHttpRequestHandler]
2017-08-22 23:24:50.316  INFO 27449 --- [main] o.s.w.s.handler.SimpleUrlHandlerMapping  : Mapped URL path [/**] onto handler of type [class org.springframework.web.servlet.resource.ResourceHttpRequestHandler]
2017-08-22 23:24:50.387  INFO 27449 --- [main] o.s.w.s.handler.SimpleUrlHandlerMapping  : Mapped URL path [/**/favicon.ico] onto handler of type [class org.springframework.web.servlet.resource.ResourceHttpRequestHandler]
2017-08-22 23:24:50.594  INFO 27449 --- [main] o.s.b.t.m.w.SpringBootMockServletContext : Initializing Spring FrameworkServlet ''
2017-08-22 23:24:50.597  INFO 27449 --- [main] o.s.t.web.servlet.TestDispatcherServlet  : FrameworkServlet '': initialization started
2017-08-22 23:24:50.626  INFO 27449 --- [main] o.s.t.web.servlet.TestDispatcherServlet  : FrameworkServlet '': initialization completed in 28 ms
2017-08-22 23:24:50.736  INFO 27449 --- [main] c.t.m.b.c.BusyFlightsControllerTest      : Started BusyFlightsControllerTest in 4.023 seconds (JVM running for 5.681)
2017-08-22 23:24:51.104  INFO 27449 --- [Thread-2] o.s.w.c.s.GenericWebApplicationContext   : Closing org.springframework.web.context.support.GenericWebApplicationContext@4d0f2471: startup date [Tue Aug 22 23:24:47 CEST 2017]; root of context hierarchy
